Arguments: 
  C:\Program Files\nodejs\node.exe C:\Users\NF\AppData\Roaming\npm\node_modules\yarn\bin\yarn.js add mangose

PATH: 
  D:\VMware\bin\;C:\Program Files\Common Files\Oracle\Java\javapath;"C:\Program Files (x86)\Common Files\Oracle\Java\javapathD:\application\Java\jdk-18.0.1.1\bin;D:\application\Java\jdk-18.0.1.1\jre\bin;";D:\application\Java\jdk-18.0.1.1\bin;C:\Windows\system32;C:\Windows;C:\Windows\System32\Wbem;C:\Windows\System32\WindowsPowerShell\v1.0\;C:\Windows\System32\OpenSSH\;C:\Program Files\Intel\WiFi\bin\;C:\Program Files\Common Files\Intel\WirelessCommon\;C:\Program Files (x86)\NVIDIA Corporation\PhysX\Common;C:\Program Files\NVIDIA Corporation\NVIDIA NvDLISR;C:\WINDOWS\system32;C:\WINDOWS;C:\WINDOWS\System32\Wbem;C:\WINDOWS\System32\WindowsPowerShell\v1.0\;C:\WINDOWS\System32\OpenSSH\;".;D:\application\Java\jdk-18.0.1.1\lib;D:\application\Java\jdk-18.0.1.1\lib\tools.jar";C:\Program Files\Microsoft SQL Server\110\Tools\Binn\;D:\application\Python;D:\OpenCV\opencv\build\x86\vc12\bin;D:\OpenCV\opencv_source\opencv\build\x64\vc15\bin;D:\application\Java\jdk-18.0.1.1\bin;C:\Program Files\Git\cmd;D:\adb\platform-tools;C:\Program Files\nodejs\;D:\application\mysql-8.0.31-winx64\bin;D:\application\anaconda\alll;D:\application\anaconda\alll\Library\mingw-w64\bin;D:\application\anaconda\alll\Library\usr\bin;D:\application\anaconda\alll\Library\bin;D:\application\anaconda\alll\Scripts;C:\Users\NF\AppData\Local\Programs\Python\Python310\Scripts\;C:\Users\NF\AppData\Local\Programs\Python\Python310\;C:\Users\NF\AppData\Local\Microsoft\WindowsApps;C:\Program Files\Bandizip\;D:\application\Microsoft VS Code\bin;D:\application\PyCharm Community Edition 2022.1\bin;;D:\application\WebStorm\WebStorm 2022.1.1\bin;;C:\Users\NF\AppData\Roaming\npm;D:\application\Java\jdk-18.0.1.1\jre\bin;D:\application\Java\jdk-18.0.1.1bin;

Yarn version: 
  1.22.19

Node version: 
  18.12.1

Platform: 
  win32 x64

Trace: 
  Error: https://registry.yarnpkg.com/mangose: Not found
      at params.callback [as _callback] (C:\Users\NF\AppData\Roaming\npm\node_modules\yarn\lib\cli.js:66145:18)
      at self.callback (C:\Users\NF\AppData\Roaming\npm\node_modules\yarn\lib\cli.js:140890:22)
      at Request.emit (node:events:513:28)
      at Request.<anonymous> (C:\Users\NF\AppData\Roaming\npm\node_modules\yarn\lib\cli.js:141862:10)
      at Request.emit (node:events:513:28)
      at IncomingMessage.<anonymous> (C:\Users\NF\AppData\Roaming\npm\node_modules\yarn\lib\cli.js:141784:12)
      at Object.onceWrapper (node:events:627:28)
      at IncomingMessage.emit (node:events:525:35)
      at endReadableNT (node:internal/streams/readable:1359:12)
      at process.processTicksAndRejections (node:internal/process/task_queues:82:21)

npm manifest: 
  {
    "name": "myapp",
    "version": "0.0.0",
    "private": true,
    "scripts": {
      "start": "nodemon ./bin/www"
    },
    "dependencies": {
      "cookie-parser": "~1.4.4",
      "debug": "~2.6.9",
      "ejs": "~2.6.1",
      "express": "~4.16.1",
      "http-errors": "~1.6.3",
      "mongose": "^0.0.2-security",
      "morgan": "~1.9.1"
    }
  }

yarn manifest: 
  No manifest

Lockfile: 
  No lockfile
